(dp0
S'acc'
p1
(lp2
cnumpy.core.multiarray
scalar
p3
(cnumpy
dtype
p4
(S'f8'
p5
I0
I1
tp6
Rp7
(I3
S'<'
p8
NNNI-1
I-1
I0
tp9
bS'[\x88\xca\x11\x1f\xad\xc1?'
p10
tp11
Rp12
ag3
(g7
S'\x80\xfb\xa6\xc4\x15\xb3\xc0?'
p13
tp14
Rp15
ag3
(g7
S'%\x8fa\xc7W\x91\xc4?'
p16
tp17
Rp18
ag3
(g7
S'i\x13em\xf67\xc8?'
p19
tp20
Rp21
ag3
(g7
S'\x94A\x08\x1a\xba\xc8\xca?'
p22
tp23
Rp24
ag3
(g7
S'R\xd0\xa2t<\xdc\xcb?'
p25
tp26
Rp27
ag3
(g7
S'y \xb7\x03S\xec\xcb?'
p28
tp29
Rp30
ag3
(g7
S' S:\xb4PM\xc9?'
p31
tp32
Rp33
asS'loss'
p34
(lp35
g3
(g7
S'(\x86\xb4\xf7\xd2\xa0\xe5?'
p36
tp37
Rp38
ag3
(g7
S'\x11jA\xa7WL\xd5?'
p39
tp40
Rp41
ag3
(g7
S'\x0fe\xf47,B\xd2?'
p42
tp43
Rp44
ag3
(g7
S'D\x06*\xda \x92\xd0?'
p45
tp46
Rp47
ag3
(g7
S'ODs\x98\x82\xe3\xce?'
p48
tp49
Rp50
ag3
(g7
S'oO\xe3^\xd8P\xcd?'
p51
tp52
Rp53
ag3
(g7
S'\x9a\x1a\x89CG(\xcc?'
p54
tp55
Rp56
ag3
(g7
S'fY\xf5D\x89:\xcb?'
p57
tp58
Rp59
asS'val_acc'
p60
(lp61
g3
(g7
S'\x00\x08\xce\xec\xc4\xeb\xb9?'
p62
tp63
Rp64
ag3
(g7
S'i\xdc\xa8\x99\x01J\xc1?'
p65
tp66
Rp67
ag3
(g7
S'\n\xf7f=?\xb2\xc4?'
p68
tp69
Rp70
ag3
(g7
S'\x02\x1d\x05}\xd4\xeb\xc7?'
p71
tp72
Rp73
ag3
(g7
S'}\rDU\x03{\xc9?'
p74
tp75
Rp76
ag3
(g7
S'4\x1e\xb3\x82\xfeY\xc8?'
p77
tp78
Rp79
ag3
(g7
S'P\xc9\xf22\x05\x93\xc8?'
p80
tp81
Rp82
ag3
(g7
S'\x04J\xa6\x93\xea\xe9\xc6?'
p83
tp84
Rp85
asS'val_loss'
p86
(lp87
g3
(g7
S'\xdbk\xcc\xa9\xedv\xd3?'
p88
tp89
Rp90
ag3
(g7
S'\xa6\x97\x95\x12\x8b\xa5\xcf?'
p91
tp92
Rp93
ag3
(g7
S'7b\xb4C\xc5\x8b\xcb?'
p94
tp95
Rp96
ag3
(g7
S'A\t\xfa\x8e\xa5\xee\xc8?'
p97
tp98
Rp99
ag3
(g7
S'th<>\xf8\x1b\xc7?'
p100
tp101
Rp102
ag3
(g7
S'\xff\x06\xaf\xed\x81\xe3\xc5?'
p103
tp104
Rp105
ag3
(g7
S'%\xf0\x89@\xb4\x0f\xc5?'
p106
tp107
Rp108
ag3
(g7
S'U\xb8ak\xc8+\xc4?'
p109
tp110
Rp111
as.